<?xml version="1.0" encoding="UTF-8"?>
<!-- Generated by org.testng.reporters.JUnitReportReporter -->
<testsuite hostname="DESKTOP-5EVK54D" failures="0" tests="1" name="ecomapi.DeleteProduct" time="0.232" errors="0" timestamp="2023-02-24T08:32:05 IST" skipped="0">
  <testcase classname="ecomapi.DeleteProduct" name="addProduct" time="0.232"/>
  <system-out/>
</testsuite> <!-- ecomapi.DeleteProduct -->
