<?xml version="1.0" encoding="UTF-8"?>
<!-- Generated by org.testng.reporters.JUnitReportReporter -->
<testsuite hostname="DESKTOP-5EVK54D" failures="0" tests="1" name="ecomapi.Login" time="5.402" errors="0" timestamp="2023-02-24T08:32:05 IST" skipped="0">
  <testcase classname="ecomapi.Login" name="loginToApp" time="5.402"/>
  <system-out/>
</testsuite> <!-- ecomapi.Login -->
